

Started GET "/" for ::1 at 2017-02-08 00:16:56 +1100
Processing by Rails::WelcomeController#index as HTML
  Rendered /Users/damiancanetti-rios/.rvm/gems/ruby-2.3.0/gems/railties-4.2.6/lib/rails/templates/rails/welcome/index.html.erb (2.3ms)
Completed 200 OK in 80ms (Views: 38.0ms | ActiveRecord: 0.0ms)


Started GET "/" for ::1 at 2017-02-08 00:22:23 +1100
Processing by Rails::WelcomeController#index as HTML
  Rendered /Users/damiancanetti-rios/.rvm/gems/ruby-2.3.0/gems/railties-4.2.6/lib/rails/templates/rails/welcome/index.html.erb (26.3ms)
Completed 200 OK in 202ms (Views: 181.5ms | ActiveRecord: 0.0ms)


Started GET "/home" for ::1 at 2017-02-08 00:22:31 +1100

ActionController::RoutingError (No route matches [GET] "/home"):
  actionpack (4.2.6) lib/action_dispatch/middleware/debug_exceptions.rb:21:in `call'
  web-console (2.3.0) lib/web_console/middleware.rb:28:in `block in call'
  web-console (2.3.0) lib/web_console/middleware.rb:18:in `catch'
  web-console (2.3.0) lib/web_console/middleware.rb:18:in `call'
  actionpack (4.2.6) lib/action_dispatch/middleware/show_exceptions.rb:30:in `call'
  railties (4.2.6) lib/rails/rack/logger.rb:38:in `call_app'
  railties (4.2.6) lib/rails/rack/logger.rb:20:in `block in call'
  activesupport (4.2.6) lib/active_support/tagged_logging.rb:68:in `block in tagged'
  activesupport (4.2.6) lib/active_support/tagged_logging.rb:26:in `tagged'
  activesupport (4.2.6) lib/active_support/tagged_logging.rb:68:in `tagged'
  railties (4.2.6) lib/rails/rack/logger.rb:20:in `call'
  actionpack (4.2.6) lib/action_dispatch/middleware/request_id.rb:21:in `call'
  rack (1.6.5) lib/rack/methodoverride.rb:22:in `call'
  rack (1.6.5) lib/rack/runtime.rb:18:in `call'
  activesupport (4.2.6) lib/active_support/cache/strategy/local_cache_middleware.rb:28:in `call'
  rack (1.6.5) lib/rack/lock.rb:17:in `call'
  actionpack (4.2.6) lib/action_dispatch/middleware/static.rb:120:in `call'
  rack (1.6.5) lib/rack/sendfile.rb:113:in `call'
  railties (4.2.6) lib/rails/engine.rb:518:in `call'
  railties (4.2.6) lib/rails/application.rb:165:in `call'
  rack (1.6.5) lib/rack/lock.rb:17:in `call'
  rack (1.6.5) lib/rack/content_length.rb:15:in `call'
  rack (1.6.5) lib/rack/handler/webrick.rb:88:in `service'
  /Users/damiancanetti-rios/.rvm/rubies/ruby-2.3.0/lib/ruby/2.3.0/webrick/httpserver.rb:140:in `service'
  /Users/damiancanetti-rios/.rvm/rubies/ruby-2.3.0/lib/ruby/2.3.0/webrick/httpserver.rb:96:in `run'
  /Users/damiancanetti-rios/.rvm/rubies/ruby-2.3.0/lib/ruby/2.3.0/webrick/server.rb:296:in `block in start_thread'


  Rendered /Users/damiancanetti-rios/.rvm/gems/ruby-2.3.0/gems/actionpack-4.2.6/lib/action_dispatch/middleware/templates/rescues/_trace.html.erb (2.1ms)
  Rendered /Users/damiancanetti-rios/.rvm/gems/ruby-2.3.0/gems/actionpack-4.2.6/lib/action_dispatch/middleware/templates/routes/_route.html.erb (0.8ms)
  Rendered /Users/damiancanetti-rios/.rvm/gems/ruby-2.3.0/gems/actionpack-4.2.6/lib/action_dispatch/middleware/templates/routes/_table.html.erb (46.8ms)
  Rendered /Users/damiancanetti-rios/.rvm/gems/ruby-2.3.0/gems/actionpack-4.2.6/lib/action_dispatch/middleware/templates/rescues/_request_and_response.html.erb (1.5ms)
  Rendered /Users/damiancanetti-rios/.rvm/gems/ruby-2.3.0/gems/actionpack-4.2.6/lib/action_dispatch/middleware/templates/rescues/routing_error.html.erb within rescues/layout (184.7ms)
  Rendered /Users/damiancanetti-rios/.rvm/gems/ruby-2.3.0/gems/web-console-2.3.0/lib/web_console/templates/_markup.html.erb (0.6ms)
  Rendered /Users/damiancanetti-rios/.rvm/gems/ruby-2.3.0/gems/web-console-2.3.0/lib/web_console/templates/_inner_console_markup.html.erb within layouts/inlined_string (0.5ms)
  Rendered /Users/damiancanetti-rios/.rvm/gems/ruby-2.3.0/gems/web-console-2.3.0/lib/web_console/templates/_prompt_box_markup.html.erb within layouts/inlined_string (0.4ms)
  Rendered /Users/damiancanetti-rios/.rvm/gems/ruby-2.3.0/gems/web-console-2.3.0/lib/web_console/templates/style.css.erb within layouts/inlined_string (0.4ms)
  Rendered /Users/damiancanetti-rios/.rvm/gems/ruby-2.3.0/gems/web-console-2.3.0/lib/web_console/templates/console.js.erb within layouts/javascript (212.6ms)
  Rendered /Users/damiancanetti-rios/.rvm/gems/ruby-2.3.0/gems/web-console-2.3.0/lib/web_console/templates/main.js.erb within layouts/javascript (0.4ms)
  Rendered /Users/damiancanetti-rios/.rvm/gems/ruby-2.3.0/gems/web-console-2.3.0/lib/web_console/templates/error_page.js.erb within layouts/javascript (0.5ms)
  Rendered /Users/damiancanetti-rios/.rvm/gems/ruby-2.3.0/gems/web-console-2.3.0/lib/web_console/templates/index.html.erb (333.1ms)


Started GET "/home.html" for ::1 at 2017-02-08 00:22:51 +1100

ActionController::RoutingError (No route matches [GET] "/home.html"):
  actionpack (4.2.6) lib/action_dispatch/middleware/debug_exceptions.rb:21:in `call'
  web-console (2.3.0) lib/web_console/middleware.rb:28:in `block in call'
  web-console (2.3.0) lib/web_console/middleware.rb:18:in `catch'
  web-console (2.3.0) lib/web_console/middleware.rb:18:in `call'
  actionpack (4.2.6) lib/action_dispatch/middleware/show_exceptions.rb:30:in `call'
  railties (4.2.6) lib/rails/rack/logger.rb:38:in `call_app'
  railties (4.2.6) lib/rails/rack/logger.rb:20:in `block in call'
  activesupport (4.2.6) lib/active_support/tagged_logging.rb:68:in `block in tagged'
  activesupport (4.2.6) lib/active_support/tagged_logging.rb:26:in `tagged'
  activesupport (4.2.6) lib/active_support/tagged_logging.rb:68:in `tagged'
  railties (4.2.6) lib/rails/rack/logger.rb:20:in `call'
  actionpack (4.2.6) lib/action_dispatch/middleware/request_id.rb:21:in `call'
  rack (1.6.5) lib/rack/methodoverride.rb:22:in `call'
  rack (1.6.5) lib/rack/runtime.rb:18:in `call'
  activesupport (4.2.6) lib/active_support/cache/strategy/local_cache_middleware.rb:28:in `call'
  rack (1.6.5) lib/rack/lock.rb:17:in `call'
  actionpack (4.2.6) lib/action_dispatch/middleware/static.rb:120:in `call'
  rack (1.6.5) lib/rack/sendfile.rb:113:in `call'
  railties (4.2.6) lib/rails/engine.rb:518:in `call'
  railties (4.2.6) lib/rails/application.rb:165:in `call'
  rack (1.6.5) lib/rack/lock.rb:17:in `call'
  rack (1.6.5) lib/rack/content_length.rb:15:in `call'
  rack (1.6.5) lib/rack/handler/webrick.rb:88:in `service'
  /Users/damiancanetti-rios/.rvm/rubies/ruby-2.3.0/lib/ruby/2.3.0/webrick/httpserver.rb:140:in `service'
  /Users/damiancanetti-rios/.rvm/rubies/ruby-2.3.0/lib/ruby/2.3.0/webrick/httpserver.rb:96:in `run'
  /Users/damiancanetti-rios/.rvm/rubies/ruby-2.3.0/lib/ruby/2.3.0/webrick/server.rb:296:in `block in start_thread'


  Rendered /Users/damiancanetti-rios/.rvm/gems/ruby-2.3.0/gems/actionpack-4.2.6/lib/action_dispatch/middleware/templates/rescues/_trace.html.erb (1.6ms)
  Rendered /Users/damiancanetti-rios/.rvm/gems/ruby-2.3.0/gems/actionpack-4.2.6/lib/action_dispatch/middleware/templates/routes/_route.html.erb (0.8ms)
  Rendered /Users/damiancanetti-rios/.rvm/gems/ruby-2.3.0/gems/actionpack-4.2.6/lib/action_dispatch/middleware/templates/routes/_table.html.erb (1.5ms)
  Rendered /Users/damiancanetti-rios/.rvm/gems/ruby-2.3.0/gems/actionpack-4.2.6/lib/action_dispatch/middleware/templates/rescues/_request_and_response.html.erb (1.1ms)
  Rendered /Users/damiancanetti-rios/.rvm/gems/ruby-2.3.0/gems/actionpack-4.2.6/lib/action_dispatch/middleware/templates/rescues/routing_error.html.erb within rescues/layout (87.8ms)
  Rendered /Users/damiancanetti-rios/.rvm/gems/ruby-2.3.0/gems/web-console-2.3.0/lib/web_console/templates/_markup.html.erb (0.5ms)
  Rendered /Users/damiancanetti-rios/.rvm/gems/ruby-2.3.0/gems/web-console-2.3.0/lib/web_console/templates/_inner_console_markup.html.erb within layouts/inlined_string (0.4ms)
  Rendered /Users/damiancanetti-rios/.rvm/gems/ruby-2.3.0/gems/web-console-2.3.0/lib/web_console/templates/_prompt_box_markup.html.erb within layouts/inlined_string (0.6ms)
  Rendered /Users/damiancanetti-rios/.rvm/gems/ruby-2.3.0/gems/web-console-2.3.0/lib/web_console/templates/style.css.erb within layouts/inlined_string (0.5ms)
  Rendered /Users/damiancanetti-rios/.rvm/gems/ruby-2.3.0/gems/web-console-2.3.0/lib/web_console/templates/console.js.erb within layouts/javascript (61.5ms)
  Rendered /Users/damiancanetti-rios/.rvm/gems/ruby-2.3.0/gems/web-console-2.3.0/lib/web_console/templates/main.js.erb within layouts/javascript (0.4ms)
  Rendered /Users/damiancanetti-rios/.rvm/gems/ruby-2.3.0/gems/web-console-2.3.0/lib/web_console/templates/error_page.js.erb within layouts/javascript (0.5ms)
  Rendered /Users/damiancanetti-rios/.rvm/gems/ruby-2.3.0/gems/web-console-2.3.0/lib/web_console/templates/index.html.erb (140.8ms)


Started GET "/pages/home" for ::1 at 2017-02-08 00:23:20 +1100
Processing by PagesController#home as HTML
  Rendered pages/home.html.erb within layouts/application (0.6ms)
Completed 200 OK in 3196ms (Views: 3195.0ms | ActiveRecord: 0.0ms)


Started GET "/assets/pages.self-e3b0c44298fc1c149afbf4c8996fb92427ae41e4649b934ca495991b7852b855.css?body=1" for ::1 at 2017-02-08 00:23:24 +1100


Started GET "/assets/application.self-e80e8f2318043e8af94dddc2adad5a4f09739a8ebb323b3ab31cd71d45fd9113.css?body=1" for ::1 at 2017-02-08 00:23:24 +1100


Started GET "/assets/jquery.self-bd7ddd393353a8d2480a622e80342adf488fb6006d667e8b42e4c0073393abee.js?body=1" for ::1 at 2017-02-08 00:23:24 +1100


Started GET "/assets/jquery_ujs.self-784a997f6726036b1993eb2217c9cb558e1cbb801c6da88105588c56f13b466a.js?body=1" for ::1 at 2017-02-08 00:23:24 +1100


Started GET "/assets/turbolinks.self-c5acd7a204f5f25ce7a1d8a0e4d92e28d34c9e2df2c7371cd7af88e147e4ad82.js?body=1" for ::1 at 2017-02-08 00:23:24 +1100


Started GET "/assets/pages.self-877aef30ae1b040ab8a3aba4e3e309a11d7f2612f44dde450b5c157aa5f95c05.js?body=1" for ::1 at 2017-02-08 00:23:24 +1100


Started GET "/assets/application.self-3b8dabdc891efe46b9a144b400ad69e37d7e5876bdc39dee783419a69d7ca819.js?body=1" for ::1 at 2017-02-08 00:23:24 +1100


Started GET "/" for ::1 at 2017-02-08 00:25:10 +1100
Processing by PagesController#home as HTML
  Rendered pages/home.html.erb within layouts/application (1.7ms)
Completed 200 OK in 451ms (Views: 400.3ms | ActiveRecord: 0.0ms)


Started GET "/assets/pages.self-e3b0c44298fc1c149afbf4c8996fb92427ae41e4649b934ca495991b7852b855.css?body=1" for ::1 at 2017-02-08 00:25:11 +1100


Started GET "/assets/application.self-e80e8f2318043e8af94dddc2adad5a4f09739a8ebb323b3ab31cd71d45fd9113.css?body=1" for ::1 at 2017-02-08 00:25:11 +1100


Started GET "/pages/home" for ::1 at 2017-02-08 00:25:17 +1100

ActionController::RoutingError (No route matches [GET] "/pages/home"):
  actionpack (4.2.6) lib/action_dispatch/middleware/debug_exceptions.rb:21:in `call'
  web-console (2.3.0) lib/web_console/middleware.rb:28:in `block in call'
  web-console (2.3.0) lib/web_console/middleware.rb:18:in `catch'
  web-console (2.3.0) lib/web_console/middleware.rb:18:in `call'
  actionpack (4.2.6) lib/action_dispatch/middleware/show_exceptions.rb:30:in `call'
  railties (4.2.6) lib/rails/rack/logger.rb:38:in `call_app'
  railties (4.2.6) lib/rails/rack/logger.rb:20:in `block in call'
  activesupport (4.2.6) lib/active_support/tagged_logging.rb:68:in `block in tagged'
  activesupport (4.2.6) lib/active_support/tagged_logging.rb:26:in `tagged'
  activesupport (4.2.6) lib/active_support/tagged_logging.rb:68:in `tagged'
  railties (4.2.6) lib/rails/rack/logger.rb:20:in `call'
  actionpack (4.2.6) lib/action_dispatch/middleware/request_id.rb:21:in `call'
  rack (1.6.5) lib/rack/methodoverride.rb:22:in `call'
  rack (1.6.5) lib/rack/runtime.rb:18:in `call'
  activesupport (4.2.6) lib/active_support/cache/strategy/local_cache_middleware.rb:28:in `call'
  rack (1.6.5) lib/rack/lock.rb:17:in `call'
  actionpack (4.2.6) lib/action_dispatch/middleware/static.rb:120:in `call'
  rack (1.6.5) lib/rack/sendfile.rb:113:in `call'
  railties (4.2.6) lib/rails/engine.rb:518:in `call'
  railties (4.2.6) lib/rails/application.rb:165:in `call'
  rack (1.6.5) lib/rack/lock.rb:17:in `call'
  rack (1.6.5) lib/rack/content_length.rb:15:in `call'
  rack (1.6.5) lib/rack/handler/webrick.rb:88:in `service'
  /Users/damiancanetti-rios/.rvm/rubies/ruby-2.3.0/lib/ruby/2.3.0/webrick/httpserver.rb:140:in `service'
  /Users/damiancanetti-rios/.rvm/rubies/ruby-2.3.0/lib/ruby/2.3.0/webrick/httpserver.rb:96:in `run'
  /Users/damiancanetti-rios/.rvm/rubies/ruby-2.3.0/lib/ruby/2.3.0/webrick/server.rb:296:in `block in start_thread'


  Rendered /Users/damiancanetti-rios/.rvm/gems/ruby-2.3.0/gems/actionpack-4.2.6/lib/action_dispatch/middleware/templates/rescues/_trace.html.erb (2.0ms)
  Rendered /Users/damiancanetti-rios/.rvm/gems/ruby-2.3.0/gems/actionpack-4.2.6/lib/action_dispatch/middleware/templates/routes/_route.html.erb (1.0ms)
  Rendered /Users/damiancanetti-rios/.rvm/gems/ruby-2.3.0/gems/actionpack-4.2.6/lib/action_dispatch/middleware/templates/routes/_table.html.erb (30.9ms)
  Rendered /Users/damiancanetti-rios/.rvm/gems/ruby-2.3.0/gems/actionpack-4.2.6/lib/action_dispatch/middleware/templates/rescues/_request_and_response.html.erb (2.2ms)
  Rendered /Users/damiancanetti-rios/.rvm/gems/ruby-2.3.0/gems/actionpack-4.2.6/lib/action_dispatch/middleware/templates/rescues/routing_error.html.erb within rescues/layout (170.3ms)
  Rendered /Users/damiancanetti-rios/.rvm/gems/ruby-2.3.0/gems/web-console-2.3.0/lib/web_console/templates/_markup.html.erb (0.5ms)
  Rendered /Users/damiancanetti-rios/.rvm/gems/ruby-2.3.0/gems/web-console-2.3.0/lib/web_console/templates/_inner_console_markup.html.erb within layouts/inlined_string (0.6ms)
  Rendered /Users/damiancanetti-rios/.rvm/gems/ruby-2.3.0/gems/web-console-2.3.0/lib/web_console/templates/_prompt_box_markup.html.erb within layouts/inlined_string (0.4ms)
  Rendered /Users/damiancanetti-rios/.rvm/gems/ruby-2.3.0/gems/web-console-2.3.0/lib/web_console/templates/style.css.erb within layouts/inlined_string (0.5ms)
  Rendered /Users/damiancanetti-rios/.rvm/gems/ruby-2.3.0/gems/web-console-2.3.0/lib/web_console/templates/console.js.erb within layouts/javascript (172.8ms)
  Rendered /Users/damiancanetti-rios/.rvm/gems/ruby-2.3.0/gems/web-console-2.3.0/lib/web_console/templates/main.js.erb within layouts/javascript (0.4ms)
  Rendered /Users/damiancanetti-rios/.rvm/gems/ruby-2.3.0/gems/web-console-2.3.0/lib/web_console/templates/error_page.js.erb within layouts/javascript (0.5ms)
  Rendered /Users/damiancanetti-rios/.rvm/gems/ruby-2.3.0/gems/web-console-2.3.0/lib/web_console/templates/index.html.erb (260.3ms)


Started GET "/" for ::1 at 2017-02-08 00:25:23 +1100
Processing by PagesController#home as HTML
  Rendered pages/home.html.erb within layouts/application (0.1ms)
Completed 200 OK in 30ms (Views: 29.7ms | ActiveRecord: 0.0ms)


Started GET "/" for ::1 at 2017-02-08 00:52:39 +1100
Processing by PagesController#home as HTML
  Rendered pages/home.html.erb within layouts/application (1.4ms)
Completed 200 OK in 5475ms (Views: 5446.8ms | ActiveRecord: 0.0ms)


Started GET "/assets/custom_bootstrap.self-bf9e79c8e4bfd39517a39a2f89a0682f17069163c6435286f46c1095d22b7a31.css?body=1" for ::1 at 2017-02-08 00:52:44 +1100


Started GET "/assets/jquery.self-bd7ddd393353a8d2480a622e80342adf488fb6006d667e8b42e4c0073393abee.js?body=1" for ::1 at 2017-02-08 00:52:44 +1100


Started GET "/" for ::1 at 2017-02-08 00:57:48 +1100
Processing by PagesController#home as HTML
  Rendered pages/home.html.erb within layouts/application (2.3ms)
Completed 200 OK in 578ms (Views: 550.4ms | ActiveRecord: 0.0ms)


Started GET "/" for ::1 at 2017-02-08 00:57:49 +1100
Processing by PagesController#home as HTML
  Rendered pages/home.html.erb within layouts/application (0.1ms)
Completed 200 OK in 30ms (Views: 29.2ms | ActiveRecord: 0.0ms)


Started GET "/assets/custom_bootstrap.self-bf9e79c8e4bfd39517a39a2f89a0682f17069163c6435286f46c1095d22b7a31.css?body=1" for ::1 at 2017-02-08 00:57:49 +1100


Started GET "/assets/jquery_ujs.self-784a997f6726036b1993eb2217c9cb558e1cbb801c6da88105588c56f13b466a.js?body=1" for ::1 at 2017-02-08 00:57:49 +1100


Started GET "/assets/turbolinks.self-c5acd7a204f5f25ce7a1d8a0e4d92e28d34c9e2df2c7371cd7af88e147e4ad82.js?body=1" for ::1 at 2017-02-08 00:57:49 +1100


Started GET "/assets/pages.self-877aef30ae1b040ab8a3aba4e3e309a11d7f2612f44dde450b5c157aa5f95c05.js?body=1" for ::1 at 2017-02-08 00:57:49 +1100


Started GET "/assets/application.self-3b8dabdc891efe46b9a144b400ad69e37d7e5876bdc39dee783419a69d7ca819.js?body=1" for ::1 at 2017-02-08 00:57:49 +1100


Started GET "/" for ::1 at 2017-02-08 01:06:59 +1100
Processing by PagesController#home as HTML
  Rendered pages/home.html.erb within layouts/application (2.1ms)
Completed 200 OK in 820ms (Views: 791.3ms | ActiveRecord: 0.0ms)


Started GET "/" for ::1 at 2017-02-08 01:15:47 +1100
Processing by PagesController#home as HTML
  Rendered pages/home.html.erb within layouts/application (2.1ms)
  Rendered layouts/_header.html.erb (1.6ms)
Completed 200 OK in 992ms (Views: 963.7ms | ActiveRecord: 0.0ms)


Started GET "/assets/Grantifi%20b-3ab277cc9a8af9f322f44f035df0127529149a7f8e4509def2c0a7f87df30a76.png" for ::1 at 2017-02-08 01:15:49 +1100


Started GET "/" for ::1 at 2017-02-08 01:16:30 +1100
Processing by PagesController#home as HTML
  Rendered pages/home.html.erb within layouts/application (1.9ms)
  Rendered layouts/_header.html.erb (1.7ms)
Completed 200 OK in 710ms (Views: 682.4ms | ActiveRecord: 0.0ms)


Started GET "/assets/Grantifi%20logo-bbccd682c92e13bbfe09ea08623cdb497a261b13363eea63361504e3f9f3a6e4.png" for ::1 at 2017-02-08 01:16:31 +1100


Started GET "/" for ::1 at 2017-02-08 01:23:32 +1100
Processing by PagesController#home as HTML
  Rendered pages/home.html.erb within layouts/application (2.2ms)
Completed 500 Internal Server Error in 1183ms (ActiveRecord: 0.0ms)

ActionView::Template::Error (Invalid CSS after "...ages/Grantifi b": expected ")", was ".png) linear-gr..."):
    2: <html>
    3: <head>
    4:   <title>Grantifi</title>
    5:   <%= stylesheet_link_tag    'application', media: 'all', 'data-turbolinks-track' => true %>
    6:   <%= javascript_include_tag 'application', 'data-turbolinks-track' => true %>
    7:   <%= csrf_meta_tags %>
    8: </head>
  app/assets/stylesheets/custom_bootstrap.css.scss:4
  app/views/layouts/application.html.erb:5:in `_app_views_layouts_application_html_erb___2646818191021137998_70241959596500'


  Rendered /Users/damiancanetti-rios/.rvm/gems/ruby-2.3.0/gems/actionpack-4.2.6/lib/action_dispatch/middleware/templates/rescues/_source.erb (12.5ms)
  Rendered /Users/damiancanetti-rios/.rvm/gems/ruby-2.3.0/gems/actionpack-4.2.6/lib/action_dispatch/middleware/templates/rescues/_trace.html.erb (4.2ms)
  Rendered /Users/damiancanetti-rios/.rvm/gems/ruby-2.3.0/gems/actionpack-4.2.6/lib/action_dispatch/middleware/templates/rescues/_request_and_response.html.erb (1.0ms)
  Rendered /Users/damiancanetti-rios/.rvm/gems/ruby-2.3.0/gems/actionpack-4.2.6/lib/action_dispatch/middleware/templates/rescues/template_error.html.erb within rescues/layout (83.2ms)
  Rendered /Users/damiancanetti-rios/.rvm/gems/ruby-2.3.0/gems/web-console-2.3.0/lib/web_console/templates/_markup.html.erb (0.9ms)
  Rendered /Users/damiancanetti-rios/.rvm/gems/ruby-2.3.0/gems/web-console-2.3.0/lib/web_console/templates/_inner_console_markup.html.erb within layouts/inlined_string (0.5ms)
  Rendered /Users/damiancanetti-rios/.rvm/gems/ruby-2.3.0/gems/web-console-2.3.0/lib/web_console/templates/_prompt_box_markup.html.erb within layouts/inlined_string (0.4ms)
  Rendered /Users/damiancanetti-rios/.rvm/gems/ruby-2.3.0/gems/web-console-2.3.0/lib/web_console/templates/style.css.erb within layouts/inlined_string (0.4ms)
  Rendered /Users/damiancanetti-rios/.rvm/gems/ruby-2.3.0/gems/web-console-2.3.0/lib/web_console/templates/console.js.erb within layouts/javascript (205.1ms)
  Rendered /Users/damiancanetti-rios/.rvm/gems/ruby-2.3.0/gems/web-console-2.3.0/lib/web_console/templates/main.js.erb within layouts/javascript (0.4ms)
  Rendered /Users/damiancanetti-rios/.rvm/gems/ruby-2.3.0/gems/web-console-2.3.0/lib/web_console/templates/error_page.js.erb within layouts/javascript (0.5ms)
  Rendered /Users/damiancanetti-rios/.rvm/gems/ruby-2.3.0/gems/web-console-2.3.0/lib/web_console/templates/index.html.erb (353.2ms)


Started GET "/" for ::1 at 2017-02-08 01:24:27 +1100
Processing by PagesController#home as HTML
  Rendered pages/home.html.erb within layouts/application (1.1ms)
  Rendered layouts/_header.html.erb (1.8ms)
Completed 200 OK in 2969ms (Views: 2958.7ms | ActiveRecord: 0.0ms)


Started GET "/assets/custom_bootstrap.self-3e6e8a2c555c6aa4432866fcad0ad279e70df77a0b119372cfc604446772ce30.css?body=1" for ::1 at 2017-02-08 01:24:30 +1100


Started GET "/assets/bootstrap/affix.self-3555752f8a930795ee9e56751a52e6871104ae85d01b3ab8363da3802a5ecc78.js?body=1" for ::1 at 2017-02-08 01:24:30 +1100


Started GET "/assets/bootstrap/alert.self-d8b7bd612b3dcfdefb7b5539b9d5848d66ccbd3e7af8bb8d48bfb3288aaa7be8.js?body=1" for ::1 at 2017-02-08 01:24:30 +1100


Started GET "/assets/bootstrap/button.self-e74d33ba39500940a78d6fa4d2d64f6ca7fd86d60a2149641f7fde7ba711d8a1.js?body=1" for ::1 at 2017-02-08 01:24:30 +1100


Started GET "/assets/bootstrap/carousel.self-35d204878d906298e55bc24553e11fd89b980fc4ffe5792fe36af8c0da289c54.js?body=1" for ::1 at 2017-02-08 01:24:30 +1100


Started GET "/assets/bootstrap/collapse.self-056c40532d9f0f126ec17e839f60c942f573fbd61a086e7f156306e3fc5e8c1f.js?body=1" for ::1 at 2017-02-08 01:24:30 +1100


Started GET "/assets/bootstrap/dropdown.self-e56c2ffee4618411d43ecf15c89273f6223847ad756e1cd17545d04afa732ed4.js?body=1" for ::1 at 2017-02-08 01:24:30 +1100


Started GET "/assets/bootstrap/modal.self-62463080dba6b9d024ff0a3192da0e76eacbc683194f3395047c6f5cfa0acb59.js?body=1" for ::1 at 2017-02-08 01:24:30 +1100


Started GET "/assets/bootstrap/scrollspy.self-52afd90e8ba97d9f08617a13986e8869d6c4a45751c0bff59a6f91241e722aca.js?body=1" for ::1 at 2017-02-08 01:24:30 +1100


Started GET "/assets/bootstrap/transition.self-3b268d4cd8c79e46ded7392885f72f64ffb5b0d49948a12b8cf9779f6163e13a.js?body=1" for ::1 at 2017-02-08 01:24:30 +1100


Started GET "/assets/bootstrap/tab.self-dad0d5c377f9fae26394484535ebb23ccf68afae084f896af6ea4cdf8c9f6ae0.js?body=1" for ::1 at 2017-02-08 01:24:30 +1100


Started GET "/assets/bootstrap/tooltip.self-facdc69246a072acb927ded77ff655f7c27a518b9357fddd45d119fbc8a0ab9f.js?body=1" for ::1 at 2017-02-08 01:24:30 +1100


Started GET "/assets/bootstrap/popover.self-210cff1fb4b72b71a29b5122180cb5937c8145cd13a934dc838280f1d9607a3e.js?body=1" for ::1 at 2017-02-08 01:24:30 +1100


Started GET "/assets/bootstrap-sprockets.self-fbfa5ad7d9aa0afe439ec4ff3883acc4cb92b62cb67c40d674320c9aa1d4642d.js?body=1" for ::1 at 2017-02-08 01:24:30 +1100


Started GET "/assets/application.self-f8806224e027f3e3f0138ea9ce99319e298dfdb323304d1f1be6eae8e8c74724.js?body=1" for ::1 at 2017-02-08 01:24:30 +1100


Started GET "/assets/assets/images/Grantifi%20b.png" for ::1 at 2017-02-08 01:24:30 +1100

ActionController::RoutingError (No route matches [GET] "/assets/assets/images/Grantifi%20b.png"):
  actionpack (4.2.6) lib/action_dispatch/middleware/debug_exceptions.rb:21:in `call'
  web-console (2.3.0) lib/web_console/middleware.rb:28:in `block in call'
  web-console (2.3.0) lib/web_console/middleware.rb:18:in `catch'
  web-console (2.3.0) lib/web_console/middleware.rb:18:in `call'
  actionpack (4.2.6) lib/action_dispatch/middleware/show_exceptions.rb:30:in `call'
  railties (4.2.6) lib/rails/rack/logger.rb:38:in `call_app'
  railties (4.2.6) lib/rails/rack/logger.rb:20:in `block in call'
  activesupport (4.2.6) lib/active_support/tagged_logging.rb:68:in `block in tagged'
  activesupport (4.2.6) lib/active_support/tagged_logging.rb:26:in `tagged'
  activesupport (4.2.6) lib/active_support/tagged_logging.rb:68:in `tagged'
  railties (4.2.6) lib/rails/rack/logger.rb:20:in `call'
  actionpack (4.2.6) lib/action_dispatch/middleware/request_id.rb:21:in `call'
  rack (1.6.5) lib/rack/methodoverride.rb:22:in `call'
  rack (1.6.5) lib/rack/runtime.rb:18:in `call'
  activesupport (4.2.6) lib/active_support/cache/strategy/local_cache_middleware.rb:28:in `call'
  rack (1.6.5) lib/rack/lock.rb:17:in `call'
  actionpack (4.2.6) lib/action_dispatch/middleware/static.rb:120:in `call'
  rack (1.6.5) lib/rack/sendfile.rb:113:in `call'
  railties (4.2.6) lib/rails/engine.rb:518:in `call'
  railties (4.2.6) lib/rails/application.rb:165:in `call'
  rack (1.6.5) lib/rack/lock.rb:17:in `call'
  rack (1.6.5) lib/rack/content_length.rb:15:in `call'
  rack (1.6.5) lib/rack/handler/webrick.rb:88:in `service'
  /Users/damiancanetti-rios/.rvm/rubies/ruby-2.3.0/lib/ruby/2.3.0/webrick/httpserver.rb:140:in `service'
  /Users/damiancanetti-rios/.rvm/rubies/ruby-2.3.0/lib/ruby/2.3.0/webrick/httpserver.rb:96:in `run'
  /Users/damiancanetti-rios/.rvm/rubies/ruby-2.3.0/lib/ruby/2.3.0/webrick/server.rb:296:in `block in start_thread'


  Rendered /Users/damiancanetti-rios/.rvm/gems/ruby-2.3.0/gems/actionpack-4.2.6/lib/action_dispatch/middleware/templates/rescues/_trace.html.erb (2.0ms)
  Rendered /Users/damiancanetti-rios/.rvm/gems/ruby-2.3.0/gems/actionpack-4.2.6/lib/action_dispatch/middleware/templates/routes/_route.html.erb (0.9ms)
  Rendered /Users/damiancanetti-rios/.rvm/gems/ruby-2.3.0/gems/actionpack-4.2.6/lib/action_dispatch/middleware/templates/routes/_table.html.erb (27.2ms)
  Rendered /Users/damiancanetti-rios/.rvm/gems/ruby-2.3.0/gems/actionpack-4.2.6/lib/action_dispatch/middleware/templates/rescues/_request_and_response.html.erb (1.4ms)
  Rendered /Users/damiancanetti-rios/.rvm/gems/ruby-2.3.0/gems/actionpack-4.2.6/lib/action_dispatch/middleware/templates/rescues/routing_error.html.erb within rescues/layout (120.9ms)
  Rendered /Users/damiancanetti-rios/.rvm/gems/ruby-2.3.0/gems/web-console-2.3.0/lib/web_console/templates/_markup.html.erb (0.5ms)
  Rendered /Users/damiancanetti-rios/.rvm/gems/ruby-2.3.0/gems/web-console-2.3.0/lib/web_console/templates/_inner_console_markup.html.erb within layouts/inlined_string (0.6ms)
  Rendered /Users/damiancanetti-rios/.rvm/gems/ruby-2.3.0/gems/web-console-2.3.0/lib/web_console/templates/_prompt_box_markup.html.erb within layouts/inlined_string (0.4ms)
  Rendered /Users/damiancanetti-rios/.rvm/gems/ruby-2.3.0/gems/web-console-2.3.0/lib/web_console/templates/style.css.erb within layouts/inlined_string (0.4ms)
  Rendered /Users/damiancanetti-rios/.rvm/gems/ruby-2.3.0/gems/web-console-2.3.0/lib/web_console/templates/console.js.erb within layouts/javascript (223.8ms)
  Rendered /Users/damiancanetti-rios/.rvm/gems/ruby-2.3.0/gems/web-console-2.3.0/lib/web_console/templates/main.js.erb within layouts/javascript (0.4ms)
  Rendered /Users/damiancanetti-rios/.rvm/gems/ruby-2.3.0/gems/web-console-2.3.0/lib/web_console/templates/error_page.js.erb within layouts/javascript (0.5ms)
  Rendered /Users/damiancanetti-rios/.rvm/gems/ruby-2.3.0/gems/web-console-2.3.0/lib/web_console/templates/index.html.erb (355.5ms)


Started GET "/" for ::1 at 2017-02-08 01:25:05 +1100
Processing by PagesController#home as HTML
  Rendered pages/home.html.erb within layouts/application (1.3ms)
  Rendered layouts/_header.html.erb (1.7ms)
Completed 200 OK in 2516ms (Views: 2507.1ms | ActiveRecord: 0.0ms)


Started GET "/assets/custom_bootstrap.self-6750ee81fd7b97cfae92afe4e04f4bdfb0e8b37913b601be9ccf7c5095676486.css?body=1" for ::1 at 2017-02-08 01:25:07 +1100


Started GET "/assets/Grantifi%20b.png" for ::1 at 2017-02-08 01:25:07 +1100


Started GET "/" for ::1 at 2017-02-08 01:28:16 +1100
Processing by PagesController#home as HTML
  Rendered pages/home.html.erb within layouts/application (1.1ms)
  Rendered layouts/_header.html.erb (1.9ms)
Completed 200 OK in 3010ms (Views: 2999.3ms | ActiveRecord: 0.0ms)


Started GET "/assets/custom_bootstrap.self-50555829a781469b57c8e32a2d4def00730743543fcec77bfd7cf41ec456c83b.css?body=1" for ::1 at 2017-02-08 01:28:19 +1100


Started GET "/assets/Grantifi%20b.png" for ::1 at 2017-02-08 01:28:19 +1100


Started GET "/" for ::1 at 2017-02-08 01:29:02 +1100
Processing by PagesController#home as HTML
  Rendered pages/home.html.erb within layouts/application (1.3ms)
  Rendered layouts/_header.html.erb (1.8ms)
Completed 200 OK in 2908ms (Views: 2896.2ms | ActiveRecord: 0.0ms)


Started GET "/assets/custom_bootstrap.self-50555829a781469b57c8e32a2d4def00730743543fcec77bfd7cf41ec456c83b.css?body=1" for ::1 at 2017-02-08 01:29:05 +1100


Started GET "/assets/Grantifi%20b.png" for ::1 at 2017-02-08 01:29:05 +1100


Started GET "/" for ::1 at 2017-02-08 01:30:30 +1100
Processing by PagesController#home as HTML
  Rendered pages/home.html.erb within layouts/application (1.1ms)
  Rendered layouts/_header.html.erb (2.8ms)
Completed 200 OK in 2226ms (Views: 2216.6ms | ActiveRecord: 0.0ms)


Started GET "/assets/Grantifi%20b.png" for ::1 at 2017-02-08 01:30:33 +1100


Started GET "/" for ::1 at 2017-02-08 01:38:31 +1100
Processing by PagesController#home as HTML
  Rendered pages/home.html.erb within layouts/application (1.9ms)
  Rendered layouts/_header.html.erb (1.9ms)
Completed 200 OK in 4323ms (Views: 4293.7ms | ActiveRecord: 0.0ms)


Started GET "/assets/custom_bootstrap.self-847d3c67b3d32a957f353bd4cb706165a097f5ace441f2bc2e12651aa3638e0b.css?body=1" for ::1 at 2017-02-08 01:38:36 +1100


Started GET "/assets/bootstrap/affix.self-3555752f8a930795ee9e56751a52e6871104ae85d01b3ab8363da3802a5ecc78.js?body=1" for ::1 at 2017-02-08 01:38:36 +1100


Started GET "/assets/bootstrap/alert.self-d8b7bd612b3dcfdefb7b5539b9d5848d66ccbd3e7af8bb8d48bfb3288aaa7be8.js?body=1" for ::1 at 2017-02-08 01:38:36 +1100


Started GET "/assets/bootstrap/button.self-e74d33ba39500940a78d6fa4d2d64f6ca7fd86d60a2149641f7fde7ba711d8a1.js?body=1" for ::1 at 2017-02-08 01:38:36 +1100


Started GET "/assets/bootstrap/collapse.self-056c40532d9f0f126ec17e839f60c942f573fbd61a086e7f156306e3fc5e8c1f.js?body=1" for ::1 at 2017-02-08 01:38:36 +1100


Started GET "/assets/bootstrap/carousel.self-35d204878d906298e55bc24553e11fd89b980fc4ffe5792fe36af8c0da289c54.js?body=1" for ::1 at 2017-02-08 01:38:36 +1100


Started GET "/assets/bootstrap/dropdown.self-e56c2ffee4618411d43ecf15c89273f6223847ad756e1cd17545d04afa732ed4.js?body=1" for ::1 at 2017-02-08 01:38:36 +1100


Started GET "/assets/bootstrap/modal.self-62463080dba6b9d024ff0a3192da0e76eacbc683194f3395047c6f5cfa0acb59.js?body=1" for ::1 at 2017-02-08 01:38:36 +1100


Started GET "/assets/bootstrap/scrollspy.self-52afd90e8ba97d9f08617a13986e8869d6c4a45751c0bff59a6f91241e722aca.js?body=1" for ::1 at 2017-02-08 01:38:36 +1100


Started GET "/assets/bootstrap/tab.self-dad0d5c377f9fae26394484535ebb23ccf68afae084f896af6ea4cdf8c9f6ae0.js?body=1" for ::1 at 2017-02-08 01:38:36 +1100


Started GET "/assets/bootstrap/transition.self-3b268d4cd8c79e46ded7392885f72f64ffb5b0d49948a12b8cf9779f6163e13a.js?body=1" for ::1 at 2017-02-08 01:38:36 +1100


Started GET "/assets/bootstrap/tooltip.self-facdc69246a072acb927ded77ff655f7c27a518b9357fddd45d119fbc8a0ab9f.js?body=1" for ::1 at 2017-02-08 01:38:36 +1100


Started GET "/assets/bootstrap/popover.self-210cff1fb4b72b71a29b5122180cb5937c8145cd13a934dc838280f1d9607a3e.js?body=1" for ::1 at 2017-02-08 01:38:36 +1100


Started GET "/assets/bootstrap-sprockets.self-fbfa5ad7d9aa0afe439ec4ff3883acc4cb92b62cb67c40d674320c9aa1d4642d.js?body=1" for ::1 at 2017-02-08 01:38:36 +1100


Started GET "/assets/application.self-f8806224e027f3e3f0138ea9ce99319e298dfdb323304d1f1be6eae8e8c74724.js?body=1" for ::1 at 2017-02-08 01:38:36 +1100


Started GET "/assets/Grantifi%20b.png" for ::1 at 2017-02-08 01:38:36 +1100


Started GET "/" for ::1 at 2017-02-08 01:39:19 +1100
Processing by PagesController#home as HTML
  Rendered pages/home.html.erb within layouts/application (1.5ms)
  Rendered layouts/_header.html.erb (2.3ms)
Completed 200 OK in 855ms (Views: 826.7ms | ActiveRecord: 0.0ms)


Started GET "/assets/custom_bootstrap.self-847d3c67b3d32a957f353bd4cb706165a097f5ace441f2bc2e12651aa3638e0b.css?body=1" for ::1 at 2017-02-08 01:39:20 +1100


Started GET "/assets/Grantifi%20b.png" for ::1 at 2017-02-08 01:39:20 +1100


Started GET "/" for ::1 at 2017-02-08 01:39:25 +1100
Processing by PagesController#home as HTML
  Rendered pages/home.html.erb within layouts/application (0.1ms)
  Rendered layouts/_header.html.erb (1.0ms)
Completed 200 OK in 59ms (Views: 57.8ms | ActiveRecord: 0.0ms)


Started GET "/" for ::1 at 2017-02-08 01:40:12 +1100
Processing by PagesController#home as HTML
  Rendered pages/home.html.erb within layouts/application (1.2ms)
  Rendered layouts/_header.html.erb (2.0ms)
Completed 200 OK in 2622ms (Views: 2611.0ms | ActiveRecord: 0.0ms)


Started GET "/assets/custom_bootstrap.self-0d9bb99264086635c392dcd2a67d94ee1caad500bb2b9f5b32c63064951d3027.css?body=1" for ::1 at 2017-02-08 01:40:14 +1100


Started GET "/assets/Grantifi%20b.png" for ::1 at 2017-02-08 01:40:14 +1100


Started GET "/" for ::1 at 2017-02-08 01:44:13 +1100
Processing by PagesController#home as HTML
  Rendered pages/home.html.erb within layouts/application (1.0ms)
  Rendered layouts/_header.html.erb (1.8ms)
Completed 200 OK in 2578ms (Views: 2568.6ms | ActiveRecord: 0.0ms)


Started GET "/assets/custom_bootstrap.self-46a6988219d800a6741678b06f520004f6f05ad868a6492fa652d5cc08bce9f0.css?body=1" for ::1 at 2017-02-08 01:44:15 +1100


Started GET "/assets/Grantifi%20b.png" for ::1 at 2017-02-08 01:44:16 +1100


Started GET "/" for ::1 at 2017-02-08 01:44:52 +1100
Processing by PagesController#home as HTML
  Rendered pages/home.html.erb within layouts/application (1.3ms)
  Rendered layouts/_header.html.erb (2.2ms)
Completed 200 OK in 438ms (Views: 427.7ms | ActiveRecord: 0.0ms)


Started GET "/assets/custom_bootstrap.self-46a6988219d800a6741678b06f520004f6f05ad868a6492fa652d5cc08bce9f0.css?body=1" for ::1 at 2017-02-08 01:44:52 +1100


Started GET "/assets/Grantifi%20b.png" for ::1 at 2017-02-08 01:44:52 +1100


Started GET "/" for ::1 at 2017-02-08 01:48:05 +1100
Processing by PagesController#home as HTML
  Rendered pages/home.html.erb within layouts/application (3.4ms)
  Rendered layouts/_header.html.erb (1.7ms)
Completed 200 OK in 3376ms (Views: 3348.7ms | ActiveRecord: 0.0ms)


Started GET "/assets/custom_bootstrap.self-79a45f4b69da98227012157ddfe9badd012f917f6537160388590aba826750dd.css?body=1" for ::1 at 2017-02-08 01:48:09 +1100


Started GET "/assets/Grantifi%20b.png" for ::1 at 2017-02-08 01:48:09 +1100


Started GET "/" for ::1 at 2017-02-08 01:54:37 +1100
Processing by PagesController#home as HTML
  Rendered pages/home.html.erb within layouts/application (2.1ms)
  Rendered layouts/_header.html.erb (2.1ms)
Completed 200 OK in 1056ms (Views: 1020.3ms | ActiveRecord: 0.0ms)


Started GET "/assets/custom_bootstrap.self-79a45f4b69da98227012157ddfe9badd012f917f6537160388590aba826750dd.css?body=1" for ::1 at 2017-02-08 01:54:39 +1100


Started GET "/assets/Grantifi%20b.png" for ::1 at 2017-02-08 01:54:39 +1100


Started GET "/" for ::1 at 2017-02-08 01:57:24 +1100
Processing by PagesController#home as HTML
  Rendered pages/home.html.erb within layouts/application (1.9ms)
  Rendered layouts/_header.html.erb (2.3ms)
Completed 200 OK in 1166ms (Views: 1136.9ms | ActiveRecord: 0.0ms)


Started GET "/assets/Grantifi%20b.png" for ::1 at 2017-02-08 01:57:26 +1100


Started GET "/" for ::1 at 2017-02-08 01:58:23 +1100
Processing by PagesController#home as HTML
  Rendered pages/home.html.erb within layouts/application (1.4ms)
  Rendered layouts/_header.html.erb (1.5ms)
Completed 200 OK in 509ms (Views: 500.3ms | ActiveRecord: 0.0ms)


Started GET "/assets/Grantifi%20b.png" for ::1 at 2017-02-08 01:58:24 +1100


Started GET "/" for ::1 at 2017-02-08 02:00:53 +1100
Processing by PagesController#home as HTML
  Rendered pages/home.html.erb within layouts/application (2.0ms)
  Rendered layouts/_header.html.erb (2.1ms)
Completed 200 OK in 3202ms (Views: 3174.6ms | ActiveRecord: 0.0ms)


Started GET "/assets/custom_bootstrap.self-14a9b08149b4cafc11b5ffaff631ad81b1c7bfac7ecd2a0c68613dd2433d997b.css?body=1" for ::1 at 2017-02-08 02:00:57 +1100


Started GET "/assets/Grantifi%20b.png" for ::1 at 2017-02-08 02:00:57 +1100


Started GET "/" for ::1 at 2017-02-08 02:02:01 +1100
Processing by PagesController#home as HTML
  Rendered pages/home.html.erb within layouts/application (1.2ms)
  Rendered layouts/_header.html.erb (1.8ms)
Completed 200 OK in 2754ms (Views: 2745.9ms | ActiveRecord: 0.0ms)


Started GET "/assets/custom_bootstrap.self-abaf6444b9480b2d1a28cd3a26948b4e4ccb1db596c5d2e2219500736b476350.css?body=1" for ::1 at 2017-02-08 02:02:04 +1100


Started GET "/assets/Grantifi%20b.png" for ::1 at 2017-02-08 02:02:04 +1100


Started GET "/" for ::1 at 2017-02-08 02:18:04 +1100
Processing by PagesController#home as HTML
  Rendered pages/home.html.erb within layouts/application (1.8ms)
  Rendered layouts/_header.html.erb (1.7ms)
Completed 200 OK in 3341ms (Views: 3313.2ms | ActiveRecord: 0.0ms)


Started GET "/assets/custom_bootstrap.self-f97773e268529b2c16fa28dbba430ca0718eb940f97f4740fedca52e5cd48649.css?body=1" for ::1 at 2017-02-08 02:18:08 +1100


Started GET "/assets/Grantifi_logo-ebec5f6a5a1fcf398f42ca8762efd30a18c056c77a214b1270c0c1ae5c46643a.png" for ::1 at 2017-02-08 02:18:08 +1100


Started GET "/assets/Grantifi%20b.png" for ::1 at 2017-02-08 02:18:08 +1100


Started GET "/" for ::1 at 2017-02-08 02:18:47 +1100
Processing by PagesController#home as HTML
  Rendered pages/home.html.erb within layouts/application (1.6ms)
  Rendered layouts/_header.html.erb (1.8ms)
Completed 200 OK in 2600ms (Views: 2590.3ms | ActiveRecord: 0.0ms)


Started GET "/assets/custom_bootstrap.self-70b05ed7b32f877842e6c45e8155679dad8fd64b23e4214a81e83e882e8d2239.css?body=1" for ::1 at 2017-02-08 02:18:50 +1100


Started GET "/assets/Grantifi%20b.png" for ::1 at 2017-02-08 02:18:50 +1100


Started GET "/" for ::1 at 2017-02-08 02:21:58 +1100
Processing by PagesController#home as HTML
  Rendered pages/home.html.erb within layouts/application (2.5ms)
  Rendered layouts/_header.html.erb (1.8ms)
Completed 200 OK in 1286ms (Views: 1258.2ms | ActiveRecord: 0.0ms)


Started GET "/assets/custom_bootstrap.self-70b05ed7b32f877842e6c45e8155679dad8fd64b23e4214a81e83e882e8d2239.css?body=1" for ::1 at 2017-02-08 02:22:00 +1100


Started GET "/assets/Grantifi_logo-f824be0671e88e39dbbc9913c97720e61e3518bdfc4d7e609187f93c82e6b9f8.png" for ::1 at 2017-02-08 02:22:00 +1100


Started GET "/assets/Grantifi%20b.png" for ::1 at 2017-02-08 02:22:00 +1100


Started GET "/" for ::1 at 2017-02-08 02:27:31 +1100
Processing by PagesController#home as HTML
  Rendered pages/home.html.erb within layouts/application (1.9ms)
  Rendered layouts/_header.html.erb (3.0ms)
  Rendered layouts/_footer.html.erb (0.4ms)
Completed 200 OK in 5932ms (Views: 5903.4ms | ActiveRecord: 0.0ms)


Started GET "/assets/custom_bootstrap.self-859286e0f039d88cef4fd7f6a2db6d29e28729169b2eac78d80f838dbd8f22ca.css?body=1" for ::1 at 2017-02-08 02:27:37 +1100


Started GET "/assets/Grantifi%20b.png" for ::1 at 2017-02-08 02:27:37 +1100


Started GET "/" for ::1 at 2017-02-08 02:28:38 +1100
Processing by PagesController#home as HTML
  Rendered pages/home.html.erb within layouts/application (2.2ms)
  Rendered layouts/_header.html.erb (2.1ms)
  Rendered layouts/_footer.html.erb (0.6ms)
Completed 200 OK in 3242ms (Views: 3214.1ms | ActiveRecord: 0.0ms)


Started GET "/assets/custom_bootstrap.self-d6dc31ee24bb4f95bef20dbf53040609b78a22d22ce2704ca5afa3f95c3dd2b4.css?body=1" for ::1 at 2017-02-08 02:28:41 +1100


Started GET "/assets/Grantifi%20b.png" for ::1 at 2017-02-08 02:28:41 +1100


Started GET "/" for ::1 at 2017-02-08 02:29:10 +1100
Processing by PagesController#home as HTML
  Rendered pages/home.html.erb within layouts/application (1.1ms)
  Rendered layouts/_header.html.erb (2.3ms)
  Rendered layouts/_footer.html.erb (0.8ms)
Completed 200 OK in 2572ms (Views: 2563.2ms | ActiveRecord: 0.0ms)


Started GET "/assets/custom_bootstrap.self-7b5f9579fd689f508d597c4c80f54acb023f02a21cb7754cbbe9a949f2207296.css?body=1" for ::1 at 2017-02-08 02:29:13 +1100


Started GET "/assets/Grantifi%20b.png" for ::1 at 2017-02-08 02:29:13 +1100


Started GET "/" for ::1 at 2017-02-08 02:29:41 +1100
Processing by PagesController#home as HTML
  Rendered pages/home.html.erb within layouts/application (1.6ms)
  Rendered layouts/_header.html.erb (2.0ms)
  Rendered layouts/_footer.html.erb (0.4ms)
Completed 200 OK in 2735ms (Views: 2724.4ms | ActiveRecord: 0.0ms)


Started GET "/assets/custom_bootstrap.self-f414e82b35247b428c2fe8e93641656c99dc2e7cf1a74ed9a52021176a93ede0.css?body=1" for ::1 at 2017-02-08 02:29:43 +1100


Started GET "/assets/Grantifi%20b.png" for ::1 at 2017-02-08 02:29:44 +1100


Started GET "/" for ::1 at 2017-02-08 02:32:40 +1100
Processing by PagesController#home as HTML
  Rendered pages/home.html.erb within layouts/application (1.0ms)
  Rendered layouts/_header.html.erb (1.8ms)
  Rendered layouts/_footer.html.erb (0.4ms)
Completed 200 OK in 3160ms (Views: 3148.7ms | ActiveRecord: 0.0ms)


Started GET "/assets/custom_bootstrap.self-c5d083c659a96abe271d0d7ed81a77af8eea2125239b0696aa0b9ab10d93ba16.css?body=1" for ::1 at 2017-02-08 02:32:44 +1100


Started GET "/assets/Grantifi%20b.png" for ::1 at 2017-02-08 02:32:44 +1100


Started GET "/" for ::1 at 2017-02-08 02:36:07 +1100
Processing by PagesController#home as HTML
  Rendered pages/home.html.erb within layouts/application (2.5ms)
  Rendered layouts/_header.html.erb (2.5ms)
  Rendered layouts/_footer.html.erb (0.4ms)
Completed 200 OK in 3520ms (Views: 3491.9ms | ActiveRecord: 0.0ms)


Started GET "/assets/custom_bootstrap.self-8b8f349eeedd7cea18be2132adddcc63e6e760e49dc3fc3e73f13b95e2b21d82.css?body=1" for ::1 at 2017-02-08 02:36:10 +1100


Started GET "/assets/Grantifi%20b.png" for ::1 at 2017-02-08 02:36:11 +1100


Started GET "/" for ::1 at 2017-02-08 02:36:44 +1100
Processing by PagesController#home as HTML
  Rendered pages/home.html.erb within layouts/application (1.7ms)
  Rendered layouts/_header.html.erb (1.8ms)
  Rendered layouts/_footer.html.erb (0.7ms)
Completed 200 OK in 2710ms (Views: 2697.9ms | ActiveRecord: 0.0ms)


Started GET "/assets/custom_bootstrap.self-fe57cc2361fd926c77dec2c45f9dfe691cabb310653a86460833efcbb2ef2a24.css?body=1" for ::1 at 2017-02-08 02:36:47 +1100


Started GET "/assets/Grantifi%20b.png" for ::1 at 2017-02-08 02:36:47 +1100


Started GET "/" for ::1 at 2017-02-08 02:41:49 +1100
Processing by PagesController#home as HTML
  Rendered pages/home.html.erb within layouts/application (2.9ms)
  Rendered layouts/_header.html.erb (1.7ms)
  Rendered layouts/_footer.html.erb (0.5ms)
Completed 200 OK in 1864ms (Views: 1835.6ms | ActiveRecord: 0.0ms)


Started GET "/assets/custom_bootstrap.self-fe57cc2361fd926c77dec2c45f9dfe691cabb310653a86460833efcbb2ef2a24.css?body=1" for ::1 at 2017-02-08 02:41:52 +1100


Started GET "/assets/Grantifi%20b.png" for ::1 at 2017-02-08 02:41:52 +1100


Started GET "/" for ::1 at 2017-02-08 02:44:33 +1100
Processing by PagesController#home as HTML
  Rendered pages/home.html.erb within layouts/application (1.5ms)
  Rendered layouts/_header.html.erb (1.4ms)
  Rendered layouts/_footer.html.erb (1.3ms)
Completed 200 OK in 653ms (Views: 643.7ms | ActiveRecord: 0.0ms)


Started GET "/assets/Grantifi%20b.png" for ::1 at 2017-02-08 02:44:34 +1100


Started GET "/" for ::1 at 2017-02-08 02:46:15 +1100
Processing by PagesController#home as HTML
  Rendered pages/home.html.erb within layouts/application (1.8ms)
  Rendered layouts/_header.html.erb (1.9ms)
  Rendered layouts/_footer.html.erb (0.5ms)
Completed 200 OK in 3465ms (Views: 3436.8ms | ActiveRecord: 0.0ms)


Started GET "/assets/custom_bootstrap.self-9682f82bb1c4e3fc9d0f7e6833ed16ebae30d868435b5a4528a64e8794c01134.css?body=1" for ::1 at 2017-02-08 02:46:19 +1100


Started GET "/assets/Grantifi%20b.png" for ::1 at 2017-02-08 02:46:19 +1100


Started GET "/" for ::1 at 2017-02-08 02:49:20 +1100
Processing by PagesController#home as HTML
  Rendered pages/home.html.erb within layouts/application (1.8ms)
Completed 500 Internal Server Error in 701ms (ActiveRecord: 0.0ms)

ActionView::Template::Error (Invalid CSS after "	color": expected ";", was ": white;"):
    2: <html>
    3: <head>
    4:   <title>Grantifi</title>
    5:   <%= stylesheet_link_tag    'application', media: 'all', 'data-turbolinks-track' => true %>
    6:   <%= javascript_include_tag 'application', 'data-turbolinks-track' => true %>
    7:   <%= csrf_meta_tags %>
    8: </head>
  app/assets/stylesheets/custom_bootstrap.css.scss:14
  app/views/layouts/application.html.erb:5:in `_app_views_layouts_application_html_erb__3957351458755085152_70329201172180'


  Rendered /Users/damiancanetti-rios/.rvm/gems/ruby-2.3.0/gems/actionpack-4.2.6/lib/action_dispatch/middleware/templates/rescues/_source.erb (19.0ms)
  Rendered /Users/damiancanetti-rios/.rvm/gems/ruby-2.3.0/gems/actionpack-4.2.6/lib/action_dispatch/middleware/templates/rescues/_trace.html.erb (7.4ms)
  Rendered /Users/damiancanetti-rios/.rvm/gems/ruby-2.3.0/gems/actionpack-4.2.6/lib/action_dispatch/middleware/templates/rescues/_request_and_response.html.erb (1.6ms)
  Rendered /Users/damiancanetti-rios/.rvm/gems/ruby-2.3.0/gems/actionpack-4.2.6/lib/action_dispatch/middleware/templates/rescues/template_error.html.erb within rescues/layout (98.9ms)
  Rendered /Users/damiancanetti-rios/.rvm/gems/ruby-2.3.0/gems/web-console-2.3.0/lib/web_console/templates/_markup.html.erb (0.9ms)
  Rendered /Users/damiancanetti-rios/.rvm/gems/ruby-2.3.0/gems/web-console-2.3.0/lib/web_console/templates/_inner_console_markup.html.erb within layouts/inlined_string (0.5ms)
  Rendered /Users/damiancanetti-rios/.rvm/gems/ruby-2.3.0/gems/web-console-2.3.0/lib/web_console/templates/_prompt_box_markup.html.erb within layouts/inlined_string (0.4ms)
  Rendered /Users/damiancanetti-rios/.rvm/gems/ruby-2.3.0/gems/web-console-2.3.0/lib/web_console/templates/style.css.erb within layouts/inlined_string (0.4ms)
  Rendered /Users/damiancanetti-rios/.rvm/gems/ruby-2.3.0/gems/web-console-2.3.0/lib/web_console/templates/console.js.erb within layouts/javascript (160.8ms)
  Rendered /Users/damiancanetti-rios/.rvm/gems/ruby-2.3.0/gems/web-console-2.3.0/lib/web_console/templates/main.js.erb within layouts/javascript (0.4ms)
  Rendered /Users/damiancanetti-rios/.rvm/gems/ruby-2.3.0/gems/web-console-2.3.0/lib/web_console/templates/error_page.js.erb within layouts/javascript (0.5ms)
  Rendered /Users/damiancanetti-rios/.rvm/gems/ruby-2.3.0/gems/web-console-2.3.0/lib/web_console/templates/index.html.erb (285.9ms)


Started GET "/" for ::1 at 2017-02-08 02:50:19 +1100
Processing by PagesController#home as HTML
  Rendered pages/home.html.erb within layouts/application (1.1ms)
  Rendered layouts/_header.html.erb (2.0ms)
  Rendered layouts/_footer.html.erb (0.6ms)
Completed 200 OK in 2857ms (Views: 2846.4ms | ActiveRecord: 0.0ms)


Started GET "/assets/custom_bootstrap.self-840000826de3151010ef3c94a12a5bef941bf7f8dea9839c7887dee0388a518c.css?body=1" for ::1 at 2017-02-08 02:50:22 +1100


Started GET "/assets/Grantifi%20b.png" for ::1 at 2017-02-08 02:50:22 +1100


Started GET "/" for ::1 at 2017-02-08 02:51:46 +1100
Processing by PagesController#home as HTML
  Rendered pages/home.html.erb within layouts/application (1.1ms)
  Rendered layouts/_header.html.erb (2.6ms)
  Rendered layouts/_footer.html.erb (0.8ms)
Completed 200 OK in 2313ms (Views: 2304.5ms | ActiveRecord: 0.0ms)


Started GET "/assets/custom_bootstrap.self-79f0fcbedcb807aa0f2c532ed8e6b71d099ceac986932dc6d446c40ed545f9e0.css?body=1" for ::1 at 2017-02-08 02:51:48 +1100


Started GET "/assets/Grantifi%20b.png" for ::1 at 2017-02-08 02:51:48 +1100


Started GET "/" for ::1 at 2017-02-08 02:55:46 +1100
Processing by PagesController#home as HTML
  Rendered pages/home.html.erb within layouts/application (1.6ms)
  Rendered layouts/_header.html.erb (1.7ms)
  Rendered layouts/_footer.html.erb (0.4ms)
Completed 200 OK in 3498ms (Views: 3469.4ms | ActiveRecord: 0.0ms)


Started GET "/assets/custom_bootstrap.self-19027b2b196871f0de408c0b63de27ad7bbb5b1bf5d76770aeaa6631ad1623a5.css?body=1" for ::1 at 2017-02-08 02:55:49 +1100


Started GET "/assets/Grantifi_background.png" for ::1 at 2017-02-08 02:55:50 +1100


Started GET "/" for ::1 at 2017-02-08 02:59:22 +1100
Processing by PagesController#home as HTML
  Rendered pages/home.html.erb within layouts/application (1.6ms)
  Rendered layouts/_header.html.erb (2.2ms)
  Rendered layouts/_footer.html.erb (0.5ms)
Completed 200 OK in 2510ms (Views: 2480.8ms | ActiveRecord: 0.0ms)


Started GET "/assets/custom_bootstrap.self-79077a9241edc71b633408b750bb74e25ce4e5c409327df775594bcbe7176e23.css?body=1" for ::1 at 2017-02-08 02:59:25 +1100


Started GET "/assets/Grantifi_background.png" for ::1 at 2017-02-08 02:59:25 +1100


Started GET "/" for ::1 at 2017-02-08 03:07:44 +1100
Processing by PagesController#home as HTML
  Rendered pages/home.html.erb within layouts/application (1.9ms)
  Rendered layouts/_header.html.erb (1.9ms)
  Rendered layouts/_footer.html.erb (0.5ms)
Completed 200 OK in 3508ms (Views: 3480.4ms | ActiveRecord: 0.0ms)


Started GET "/assets/custom_bootstrap.self-7f72d4ca7969b4310c9b08ff46524e460f20130f00e84d2db5580f6026115815.css?body=1" for ::1 at 2017-02-08 03:07:48 +1100


Started GET "/assets/Grantifi_background.png" for ::1 at 2017-02-08 03:07:48 +1100


Started GET "/" for ::1 at 2017-02-08 03:10:12 +1100
Processing by PagesController#home as HTML
  Rendered pages/home.html.erb within layouts/application (1.9ms)
  Rendered layouts/_header.html.erb (2.1ms)
  Rendered layouts/_footer.html.erb (0.4ms)
Completed 200 OK in 3184ms (Views: 3158.2ms | ActiveRecord: 0.0ms)


Started GET "/assets/custom_bootstrap.self-9bef22d90947f1313350dcef60cf1ee1e5fc2beb19dfa34110565dd2e1231b60.css?body=1" for ::1 at 2017-02-08 03:10:16 +1100


Started GET "/assets/Grantifi_background.png" for ::1 at 2017-02-08 03:10:16 +1100


Started GET "/" for ::1 at 2017-02-08 03:11:05 +1100
Processing by PagesController#home as HTML
  Rendered pages/home.html.erb within layouts/application (2.3ms)
  Rendered layouts/_header.html.erb (1.6ms)
  Rendered layouts/_footer.html.erb (0.5ms)
Completed 200 OK in 3153ms (Views: 3124.9ms | ActiveRecord: 0.0ms)


Started GET "/assets/custom_bootstrap.self-9bef22d90947f1313350dcef60cf1ee1e5fc2beb19dfa34110565dd2e1231b60.css?body=1" for ::1 at 2017-02-08 03:11:08 +1100


Started GET "/assets/Grantifi_background.png" for ::1 at 2017-02-08 03:11:08 +1100


Started GET "/" for ::1 at 2017-02-08 03:12:44 +1100
Processing by PagesController#home as HTML
  Rendered pages/home.html.erb within layouts/application (1.1ms)
  Rendered layouts/_header.html.erb (1.8ms)
  Rendered layouts/_footer.html.erb (0.7ms)
Completed 200 OK in 2637ms (Views: 2628.5ms | ActiveRecord: 0.0ms)


Started GET "/assets/custom_bootstrap.self-324b0b64fb5c85d44c6d7bc1d40c6053c88cca62595b1aef4cf7d1f05f47645c.css?body=1" for ::1 at 2017-02-08 03:12:46 +1100


Started GET "/assets/Grantifi_background.png" for ::1 at 2017-02-08 03:12:47 +1100


Started GET "/" for ::1 at 2017-02-08 03:23:22 +1100
Processing by PagesController#home as HTML
  Rendered pages/home.html.erb within layouts/application (2.1ms)
  Rendered layouts/_header.html.erb (1.8ms)
  Rendered layouts/_footer.html.erb (0.7ms)
Completed 200 OK in 1302ms (Views: 1269.2ms | ActiveRecord: 0.0ms)


Started GET "/assets/custom_bootstrap.self-324b0b64fb5c85d44c6d7bc1d40c6053c88cca62595b1aef4cf7d1f05f47645c.css?body=1" for ::1 at 2017-02-08 03:23:24 +1100


Started GET "/assets/Grantifi_background.png" for ::1 at 2017-02-08 03:23:24 +1100


Started GET "/" for ::1 at 2017-02-08 03:24:31 +1100
Processing by PagesController#home as HTML
  Rendered pages/home.html.erb within layouts/application (2.1ms)
  Rendered layouts/_header.html.erb (2.4ms)
  Rendered layouts/_footer.html.erb (0.4ms)
Completed 200 OK in 2098ms (Views: 2069.1ms | ActiveRecord: 0.0ms)


Started GET "/assets/Grantifi_background.png" for ::1 at 2017-02-08 03:24:33 +1100


Started GET "/" for ::1 at 2017-02-08 03:25:17 +1100
Processing by PagesController#home as HTML
  Rendered pages/home.html.erb within layouts/application (2.0ms)
  Rendered layouts/_header.html.erb (1.8ms)
  Rendered layouts/_footer.html.erb (0.4ms)
Completed 200 OK in 1109ms (Views: 1080.3ms | ActiveRecord: 0.0ms)


Started GET "/assets/Grantifi_background.png" for ::1 at 2017-02-08 03:25:18 +1100


Started GET "/" for ::1 at 2017-02-08 03:28:21 +1100
Processing by PagesController#home as HTML
  Rendered pages/home.html.erb within layouts/application (2.1ms)
  Rendered layouts/_header.html.erb (1.5ms)
  Rendered layouts/_footer.html.erb (0.5ms)
Completed 200 OK in 886ms (Views: 858.6ms | ActiveRecord: 0.0ms)


Started GET "/assets/Grantifi_background.png" for ::1 at 2017-02-08 03:28:22 +1100


Started GET "/" for ::1 at 2017-02-08 03:29:43 +1100
Processing by PagesController#home as HTML
  Rendered pages/home.html.erb within layouts/application (1.4ms)
  Rendered layouts/_header.html.erb (1.8ms)
  Rendered layouts/_footer.html.erb (0.5ms)
Completed 200 OK in 634ms (Views: 624.5ms | ActiveRecord: 0.0ms)


Started GET "/assets/Grantifi_background.png" for ::1 at 2017-02-08 03:29:44 +1100


Started GET "/" for ::1 at 2017-02-08 03:45:20 +1100
Processing by PagesController#home as HTML
  Rendered pages/home.html.erb within layouts/application (2.3ms)
  Rendered layouts/_header.html.erb (1.4ms)
  Rendered layouts/_footer.html.erb (0.4ms)
Completed 200 OK in 3430ms (Views: 3396.8ms | ActiveRecord: 0.0ms)


Started GET "/assets/custom_bootstrap.self-81ae7580ae51d51f836d4768fd2ceb7fc6338096e06387e2a25d3b3ed086807d.css?body=1" for ::1 at 2017-02-08 03:45:24 +1100


Started GET "/assets/Grantifi_background.png" for ::1 at 2017-02-08 03:45:24 +1100


Started GET "/" for ::1 at 2017-02-08 03:48:06 +1100
Processing by PagesController#home as HTML
  Rendered pages/home.html.erb within layouts/application (1.5ms)
  Rendered layouts/_header.html.erb (2.4ms)
  Rendered layouts/_footer.html.erb (1.0ms)
Completed 200 OK in 2698ms (Views: 2686.4ms | ActiveRecord: 0.0ms)


Started GET "/assets/custom_bootstrap.self-e075b38c81be67e82a963000123739fa6253de07986e366a1cbb1ef262b9ba8d.css?body=1" for ::1 at 2017-02-08 03:48:09 +1100


Started GET "/assets/Grantifi_background.png" for ::1 at 2017-02-08 03:48:09 +1100


Started GET "/" for ::1 at 2017-02-08 03:49:41 +1100
Processing by PagesController#home as HTML
  Rendered pages/home.html.erb within layouts/application (1.1ms)
  Rendered layouts/_header.html.erb (2.3ms)
  Rendered layouts/_footer.html.erb (0.5ms)
Completed 200 OK in 437ms (Views: 425.4ms | ActiveRecord: 0.0ms)


Started GET "/assets/custom_bootstrap.self-e075b38c81be67e82a963000123739fa6253de07986e366a1cbb1ef262b9ba8d.css?body=1" for ::1 at 2017-02-08 03:49:42 +1100


Started GET "/assets/Grantifi_background.png" for ::1 at 2017-02-08 03:49:42 +1100


Started GET "/" for ::1 at 2017-02-08 03:50:39 +1100
Processing by PagesController#home as HTML
  Rendered pages/home.html.erb within layouts/application (1.1ms)
  Rendered layouts/_header.html.erb (2.2ms)
  Rendered layouts/_footer.html.erb (0.6ms)
Completed 200 OK in 494ms (Views: 483.8ms | ActiveRecord: 0.0ms)


Started GET "/assets/custom_bootstrap.self-81ae7580ae51d51f836d4768fd2ceb7fc6338096e06387e2a25d3b3ed086807d.css?body=1" for ::1 at 2017-02-08 03:50:40 +1100


Started GET "/assets/Grantifi_background.png" for ::1 at 2017-02-08 03:50:40 +1100


Started GET "/" for ::1 at 2017-02-08 03:51:12 +1100
Processing by PagesController#home as HTML
  Rendered pages/home.html.erb within layouts/application (1.1ms)
  Rendered layouts/_header.html.erb (2.1ms)
  Rendered layouts/_footer.html.erb (0.5ms)
Completed 200 OK in 2671ms (Views: 2660.0ms | ActiveRecord: 0.0ms)


Started GET "/assets/custom_bootstrap.self-98dcd07e1dd00aba3c6256473e3e78161b0b98b4545867f74c24c50f8fabca11.css?body=1" for ::1 at 2017-02-08 03:51:15 +1100


Started GET "/assets/Grantifi_background.png" for ::1 at 2017-02-08 03:51:15 +1100
